12-28 18:53:14 com_github_MitjaNemec_Archive3DModels.action_archive_3d_models 220:Plugin executed on: 'win32'
12-28 18:53:14 com_github_MitjaNemec_Archive3DModels.action_archive_3d_models 221:Plugin executed with python version: '3.9.16 (main, Aug  8 2023, 05:38:28) [MSC v.1936 64 bit (AMD64)]'
12-28 18:53:14 com_github_MitjaNemec_Archive3DModels.action_archive_3d_models 222:KiCad build version: 7.0.8
12-28 18:53:14 com_github_MitjaNemec_Archive3DModels.action_archive_3d_models 223:Plugin version: 1.0.10

12-28 18:53:14 com_github_MitjaNemec_Archive3DModels.action_archive_3d_models 228:Screen sizes: [wx.Size(1920, 1080), wx.Size(1920, 1080)]
12-28 18:53:14 com_github_MitjaNemec_Archive3DModels.action_archive_3d_models 235:Dialog size: wx.Size(213, 81)
12-28 18:53:14 com_github_MitjaNemec_Archive3DModels.action_archive_3d_models 237:Char size: 15
12-28 18:53:18 com_github_MitjaNemec_Archive3DModels.archive_3d_models 24:Starting to archive 3D models
12-28 18:53:18 com_github_MitjaNemec_Archive3DModels.archive_3d_models 45:Getting 3D models for footprint of: SW2
12-28 18:53:18 com_github_MitjaNemec_Archive3DModels.archive_3d_models 56:Trying to copy: ${KICAD6_3DMODEL_DIR}/Button_Switch_THT.3dshapes/SW_Tactile_SKHH_Angled.wrl
12-28 18:53:18 com_github_MitjaNemec_Archive3DModels.archive_3d_models 132:Did not copy: ${KICAD6_3DMODEL_DIR}/Button_Switch_THT.3dshapes/SW_Tactile_SKHH_Angled.wrl
12-28 18:53:18 com_github_MitjaNemec_Archive3DModels.archive_3d_models 136:Remapping: ${KICAD6_3DMODEL_DIR}/Button_Switch_THT.3dshapes/SW_Tactile_SKHH_Angled.wrl
12-28 18:53:18 com_github_MitjaNemec_Archive3DModels.archive_3d_models 45:Getting 3D models for footprint of: SW3
12-28 18:53:18 com_github_MitjaNemec_Archive3DModels.archive_3d_models 56:Trying to copy: ${KICAD6_3DMODEL_DIR}/Button_Switch_THT.3dshapes/SW_Tactile_SKHH_Angled.wrl
12-28 18:53:18 com_github_MitjaNemec_Archive3DModels.archive_3d_models 132:Did not copy: ${KICAD6_3DMODEL_DIR}/Button_Switch_THT.3dshapes/SW_Tactile_SKHH_Angled.wrl
12-28 18:53:18 com_github_MitjaNemec_Archive3DModels.archive_3d_models 136:Remapping: ${KICAD6_3DMODEL_DIR}/Button_Switch_THT.3dshapes/SW_Tactile_SKHH_Angled.wrl
12-28 18:53:18 com_github_MitjaNemec_Archive3DModels.archive_3d_models 45:Getting 3D models for footprint of: Q2
12-28 18:53:18 com_github_MitjaNemec_Archive3DModels.archive_3d_models 56:Trying to copy: ${KICAD6_3DMODEL_DIR}/Package_TO_SOT_SMD.3dshapes/SOT-23.wrl
12-28 18:53:18 com_github_MitjaNemec_Archive3DModels.archive_3d_models 136:Remapping: ${KICAD6_3DMODEL_DIR}/Package_TO_SOT_SMD.3dshapes/SOT-23.wrl
12-28 18:53:18 com_github_MitjaNemec_Archive3DModels.archive_3d_models 45:Getting 3D models for footprint of: SW1
12-28 18:53:18 com_github_MitjaNemec_Archive3DModels.archive_3d_models 56:Trying to copy: ${KICAD6_3DMODEL_DIR}/Button_Switch_THT.3dshapes/SW_Tactile_SKHH_Angled.wrl
12-28 18:53:18 com_github_MitjaNemec_Archive3DModels.archive_3d_models 132:Did not copy: ${KICAD6_3DMODEL_DIR}/Button_Switch_THT.3dshapes/SW_Tactile_SKHH_Angled.wrl
12-28 18:53:18 com_github_MitjaNemec_Archive3DModels.archive_3d_models 136:Remapping: ${KICAD6_3DMODEL_DIR}/Button_Switch_THT.3dshapes/SW_Tactile_SKHH_Angled.wrl
12-28 18:53:18 com_github_MitjaNemec_Archive3DModels.archive_3d_models 45:Getting 3D models for footprint of: R10
12-28 18:53:18 com_github_MitjaNemec_Archive3DModels.archive_3d_models 56:Trying to copy: ${KICAD6_3DMODEL_DIR}/Resistor_SMD.3dshapes/R_0805_2012Metric.wrl
12-28 18:53:18 com_github_MitjaNemec_Archive3DModels.archive_3d_models 136:Remapping: ${KICAD6_3DMODEL_DIR}/Resistor_SMD.3dshapes/R_0805_2012Metric.wrl
12-28 18:53:18 com_github_MitjaNemec_Archive3DModels.archive_3d_models 45:Getting 3D models for footprint of: R9
12-28 18:53:18 com_github_MitjaNemec_Archive3DModels.archive_3d_models 56:Trying to copy: ${KICAD6_3DMODEL_DIR}/Resistor_SMD.3dshapes/R_0805_2012Metric.wrl
12-28 18:53:18 com_github_MitjaNemec_Archive3DModels.archive_3d_models 136:Remapping: ${KICAD6_3DMODEL_DIR}/Resistor_SMD.3dshapes/R_0805_2012Metric.wrl
12-28 18:53:18 com_github_MitjaNemec_Archive3DModels.archive_3d_models 45:Getting 3D models for footprint of: R8
12-28 18:53:18 com_github_MitjaNemec_Archive3DModels.archive_3d_models 56:Trying to copy: ${KICAD6_3DMODEL_DIR}/Resistor_SMD.3dshapes/R_0805_2012Metric.wrl
12-28 18:53:18 com_github_MitjaNemec_Archive3DModels.archive_3d_models 136:Remapping: ${KICAD6_3DMODEL_DIR}/Resistor_SMD.3dshapes/R_0805_2012Metric.wrl
12-28 18:53:18 com_github_MitjaNemec_Archive3DModels.archive_3d_models 45:Getting 3D models for footprint of: R7
12-28 18:53:18 com_github_MitjaNemec_Archive3DModels.archive_3d_models 56:Trying to copy: ${KICAD6_3DMODEL_DIR}/Resistor_SMD.3dshapes/R_0805_2012Metric.wrl
12-28 18:53:18 com_github_MitjaNemec_Archive3DModels.archive_3d_models 136:Remapping: ${KICAD6_3DMODEL_DIR}/Resistor_SMD.3dshapes/R_0805_2012Metric.wrl
12-28 18:53:18 com_github_MitjaNemec_Archive3DModels.archive_3d_models 45:Getting 3D models for footprint of: R6
12-28 18:53:18 com_github_MitjaNemec_Archive3DModels.archive_3d_models 56:Trying to copy: ${KICAD6_3DMODEL_DIR}/Resistor_SMD.3dshapes/R_0805_2012Metric.wrl
12-28 18:53:19 com_github_MitjaNemec_Archive3DModels.archive_3d_models 136:Remapping: ${KICAD6_3DMODEL_DIR}/Resistor_SMD.3dshapes/R_0805_2012Metric.wrl
12-28 18:53:19 com_github_MitjaNemec_Archive3DModels.archive_3d_models 45:Getting 3D models for footprint of: R5
12-28 18:53:19 com_github_MitjaNemec_Archive3DModels.archive_3d_models 56:Trying to copy: ${KICAD6_3DMODEL_DIR}/Resistor_SMD.3dshapes/R_0805_2012Metric.wrl
12-28 18:53:19 com_github_MitjaNemec_Archive3DModels.archive_3d_models 136:Remapping: ${KICAD6_3DMODEL_DIR}/Resistor_SMD.3dshapes/R_0805_2012Metric.wrl
12-28 18:53:19 com_github_MitjaNemec_Archive3DModels.archive_3d_models 45:Getting 3D models for footprint of: R4
12-28 18:53:19 com_github_MitjaNemec_Archive3DModels.archive_3d_models 56:Trying to copy: ${KICAD6_3DMODEL_DIR}/Resistor_SMD.3dshapes/R_0805_2012Metric.wrl
12-28 18:53:19 com_github_MitjaNemec_Archive3DModels.archive_3d_models 136:Remapping: ${KICAD6_3DMODEL_DIR}/Resistor_SMD.3dshapes/R_0805_2012Metric.wrl
12-28 18:53:19 com_github_MitjaNemec_Archive3DModels.archive_3d_models 45:Getting 3D models for footprint of: R3
12-28 18:53:19 com_github_MitjaNemec_Archive3DModels.archive_3d_models 56:Trying to copy: ${KICAD6_3DMODEL_DIR}/Resistor_SMD.3dshapes/R_0805_2012Metric.wrl
12-28 18:53:19 com_github_MitjaNemec_Archive3DModels.archive_3d_models 136:Remapping: ${KICAD6_3DMODEL_DIR}/Resistor_SMD.3dshapes/R_0805_2012Metric.wrl
12-28 18:53:19 com_github_MitjaNemec_Archive3DModels.archive_3d_models 45:Getting 3D models for footprint of: R2
12-28 18:53:19 com_github_MitjaNemec_Archive3DModels.archive_3d_models 56:Trying to copy: ${KICAD6_3DMODEL_DIR}/Resistor_SMD.3dshapes/R_0805_2012Metric.wrl
12-28 18:53:19 com_github_MitjaNemec_Archive3DModels.archive_3d_models 136:Remapping: ${KICAD6_3DMODEL_DIR}/Resistor_SMD.3dshapes/R_0805_2012Metric.wrl
12-28 18:53:19 com_github_MitjaNemec_Archive3DModels.archive_3d_models 45:Getting 3D models for footprint of: R1
12-28 18:53:19 com_github_MitjaNemec_Archive3DModels.archive_3d_models 56:Trying to copy: ${KICAD6_3DMODEL_DIR}/Resistor_SMD.3dshapes/R_0805_2012Metric.wrl
12-28 18:53:19 com_github_MitjaNemec_Archive3DModels.archive_3d_models 136:Remapping: ${KICAD6_3DMODEL_DIR}/Resistor_SMD.3dshapes/R_0805_2012Metric.wrl
12-28 18:53:19 com_github_MitjaNemec_Archive3DModels.archive_3d_models 45:Getting 3D models for footprint of: J1
12-28 18:53:19 com_github_MitjaNemec_Archive3DModels.archive_3d_models 56:Trying to copy: ${KICAD6_3DMODEL_DIR}/Connector_PinSocket_2.54mm.3dshapes/PinSocket_1x01_P2.54mm_Horizontal.wrl
12-28 18:53:19 com_github_MitjaNemec_Archive3DModels.archive_3d_models 136:Remapping: ${KICAD6_3DMODEL_DIR}/Connector_PinSocket_2.54mm.3dshapes/PinSocket_1x01_P2.54mm_Horizontal.wrl
12-28 18:53:19 com_github_MitjaNemec_Archive3DModels.archive_3d_models 45:Getting 3D models for footprint of: J2
12-28 18:53:19 com_github_MitjaNemec_Archive3DModels.archive_3d_models 56:Trying to copy: ${KICAD6_3DMODEL_DIR}/Connector_PinSocket_2.54mm.3dshapes/PinSocket_1x04_P2.54mm_Vertical.wrl
12-28 18:53:19 com_github_MitjaNemec_Archive3DModels.archive_3d_models 136:Remapping: ${KICAD6_3DMODEL_DIR}/Connector_PinSocket_2.54mm.3dshapes/PinSocket_1x04_P2.54mm_Vertical.wrl
12-28 18:53:19 com_github_MitjaNemec_Archive3DModels.archive_3d_models 45:Getting 3D models for footprint of: D2
12-28 18:53:19 com_github_MitjaNemec_Archive3DModels.archive_3d_models 56:Trying to copy: ${KICAD6_3DMODEL_DIR}/Diode_THT.3dshapes/D_5W_P10.16mm_Horizontal.wrl
12-28 18:53:19 com_github_MitjaNemec_Archive3DModels.archive_3d_models 136:Remapping: ${KICAD6_3DMODEL_DIR}/Diode_THT.3dshapes/D_5W_P10.16mm_Horizontal.wrl
12-28 18:53:19 com_github_MitjaNemec_Archive3DModels.archive_3d_models 45:Getting 3D models for footprint of: D1
12-28 18:53:19 com_github_MitjaNemec_Archive3DModels.archive_3d_models 56:Trying to copy: ${KICAD6_3DMODEL_DIR}/Diode_THT.3dshapes/D_5W_P10.16mm_Horizontal.wrl
12-28 18:53:20 com_github_MitjaNemec_Archive3DModels.archive_3d_models 136:Remapping: ${KICAD6_3DMODEL_DIR}/Diode_THT.3dshapes/D_5W_P10.16mm_Horizontal.wrl
12-28 18:53:20 com_github_MitjaNemec_Archive3DModels.archive_3d_models 45:Getting 3D models for footprint of: U2
12-28 18:53:20 com_github_MitjaNemec_Archive3DModels.archive_3d_models 56:Trying to copy: ${KICAD6_3DMODEL_DIR}/Package_TO_SOT_THT.3dshapes/TO-92_Inline.wrl
12-28 18:53:20 com_github_MitjaNemec_Archive3DModels.archive_3d_models 136:Remapping: ${KICAD6_3DMODEL_DIR}/Package_TO_SOT_THT.3dshapes/TO-92_Inline.wrl
12-28 18:53:20 com_github_MitjaNemec_Archive3DModels.archive_3d_models 45:Getting 3D models for footprint of: A1
12-28 18:53:20 com_github_MitjaNemec_Archive3DModels.archive_3d_models 56:Trying to copy: ${KICAD6_3DMODEL_DIR}/Module.3dshapes/Arduino_Nano_WithMountingHoles.wrl
12-28 18:53:20 com_github_MitjaNemec_Archive3DModels.archive_3d_models 132:Did not copy: ${KICAD6_3DMODEL_DIR}/Module.3dshapes/Arduino_Nano_WithMountingHoles.wrl
12-28 18:53:20 com_github_MitjaNemec_Archive3DModels.archive_3d_models 136:Remapping: ${KICAD6_3DMODEL_DIR}/Module.3dshapes/Arduino_Nano_WithMountingHoles.wrl
12-28 18:53:20 com_github_MitjaNemec_Archive3DModels.archive_3d_models 147:Did not succeed to copy 3D models!
('SW2', '${KICAD6_3DMODEL_DIR}\\Button_Switch_THT.3dshapes\\SW_Tactile_SKHH_Angled.wrl')
('SW3', '${KICAD6_3DMODEL_DIR}\\Button_Switch_THT.3dshapes\\SW_Tactile_SKHH_Angled.wrl')
('SW1', '${KICAD6_3DMODEL_DIR}\\Button_Switch_THT.3dshapes\\SW_Tactile_SKHH_Angled.wrl')
('A1', '${KICAD6_3DMODEL_DIR}\\Module.3dshapes\\Arduino_Nano_WithMountingHoles.wrl')
